Created by PLY version 3.11 (http://www.dabeaz.com/ply)

Unused terminals:

    OROR
    GREAT
    SEMICOL
    CONSTANT
    CAREQ
    AMPCAR
    LESS
    DEFAULT
    CHAN
    EQUAL
    LPAREN
    SHL_ASSIGN
    COLONEQ
    AMPAMP
    RETURN
    DOT
    GOTO
    CASE
    DEFER
    GEQ
    RPAREN
    TIMESEQ
    MINUSEQ
    FALLTHROUGH
    SHR_ASSIGN
    MODEQ
    SWITCH
    SHR
    EQEQ
    AND_NOT
    COLON
    SELECT
    COMMA
    STRING
    IDENTIFIER
    DIVIDEEQ
    FUNCTION
    COMMENT
    LMINUS
    XOR
    FOR
    PACKAGE
    PLUSPLUS
    RBRACK
    RBRACE
    ELSE
    NOT
    RANGE
    MINUSMIN
    AMPEQ
    AMPCAREQ
    IMPORT
    GO
    NOTEQ
    SHL
    DDD
    MAP
    LBRACE
    STRUCT
    PLUSEQ
    INTEGER
    IF
    FLOAT
    AMPERS
    LBRACK
    OREQ
    BREAK
    LEQ
    CONTINUE
    INTERFACE
    TYPE
    OR
    CONSTANTS
    MOD

Grammar

Rule 0     S' -> assign_list
Rule 1     assign_list -> assign SEMIC assign_list
Rule 2     assign_list -> empty
Rule 3     assign -> VAR NAME EQUALS expr
Rule 4     expr -> expr PLUS term
Rule 5     expr -> expr MINUS term
Rule 6     expr -> term
Rule 7     term -> term TIMES factor
Rule 8     term -> term DIVIDE factor
Rule 9     term -> factor
Rule 10    factor -> NUMBER
Rule 11    empty -> <empty>

Terminals, with rules where they appear

AMPAMP               : 
AMPCAR               : 
AMPCAREQ             : 
AMPEQ                : 
AMPERS               : 
AND_NOT              : 
BREAK                : 
CAREQ                : 
CASE                 : 
CHAN                 : 
COLON                : 
COLONEQ              : 
COMMA                : 
COMMENT              : 
CONSTANT             : 
CONSTANTS            : 
CONTINUE             : 
DDD                  : 
DEFAULT              : 
DEFER                : 
DIVIDE               : 8
DIVIDEEQ             : 
DOT                  : 
ELSE                 : 
EQEQ                 : 
EQUAL                : 
FALLTHROUGH          : 
FLOAT                : 
FOR                  : 
FUNCTION             : 
GEQ                  : 
GO                   : 
GOTO                 : 
GREAT                : 
IDENTIFIER           : 
IF                   : 
IMPORT               : 
INTEGER              : 
INTERFACE            : 
LBRACE               : 
LBRACK               : 
LEQ                  : 
LESS                 : 
LMINUS               : 
LPAREN               : 
MAP                  : 
MINUS                : 5
MINUSEQ              : 
MINUSMIN             : 
MOD                  : 
MODEQ                : 
NOT                  : 
NOTEQ                : 
OR                   : 
OREQ                 : 
OROR                 : 
PACKAGE              : 
PLUS                 : 4
PLUSEQ               : 
PLUSPLUS             : 
RANGE                : 
RBRACE               : 
RBRACK               : 
RETURN               : 
RPAREN               : 
SELECT               : 
SEMICOL              : 
SHL                  : 
SHL_ASSIGN           : 
SHR                  : 
SHR_ASSIGN           : 
STRING               : 
STRUCT               : 
SWITCH               : 
TIMES                : 7
TIMESEQ              : 
TYPE                 : 
VAR                  : 3
XOR                  : 
error                : 

Nonterminals, with rules where they appear

EQUALS               : 3
NAME                 : 3
NUMBER               : 10
SEMIC                : 1
assign               : 1
assign_list          : 1 0
empty                : 2
expr                 : 3 4 5
factor               : 7 8 9
term                 : 4 5 6 7 8

